GROUP,PACKAGE,CLASS,INSTRUCTION_MISSED,INSTRUCTION_COVERED,BRANCH_MISSED,BRANCH_COVERED,LINE_MISSED,LINE_COVERED,COMPLEXITY_MISSED,COMPLEXITY_COVERED,METHOD_MISSED,METHOD_COVERED
software-craft-starter,com.example.craft.domain,OrderItem,3,18,0,0,1,7,1,3,1,3
software-craft-starter,com.example.craft.domain,CustomerType,0,27,0,0,0,5,0,1,0,1
software-craft-starter,com.example.craft.domain,Customer,0,27,0,0,0,10,0,5,0,5
software-craft-starter,com.example.craft.domain,Order,0,42,0,0,0,14,0,7,0,7
software-craft-starter,com.example.craft,OrderProcessor,76,190,17,23,14,44,15,8,0,3
software-craft-starter,com.example.craft,Main,44,0,0,0,8,0,2,0,2,0
