<?xml version="1.0" encoding="UTF-8"?>
<testsuite xmlns:xsi="http://www.w3.org/2001/XMLSchema-instance" xsi:noNamespaceSchemaLocation="https://maven.apache.org/surefire/maven-surefire-plugin/xsd/surefire-test-report-3.0.xsd" version="3.0" name="com.example.craft.OrderProcessorTest" time="0.275" tests="8" errors="0" skipped="0" failures="0">
  <properties>
[...]
</properties>
  <testcase name="premium_customer_with_many_items_gets_extra_discount" classname="com.example.craft.OrderProcessorTest" time="0.127">
    <system-out><![CDATA[Premium discount applied
Next day delivery selected
Taking card payment for £73.33
Saving order ORD-5
Saving order ORD-5 for customer Ada
Sending email to ada@example.com
Dear Ada, your order has been processed.
Order ORD-5 total was £73.33
Sending SMS to 07123456789
Order ORD-5 confirmed by SMS
Sending premium customer follow-up email
Receipt
-------
Order: ORD-5
Customer: Ada
Subtotal: £75.93
Discount: £10.59
Delivery: £7.99
Total: £73.33

]]></system-out>
  </testcase>
  <testcase name="throws_exception_when_order_is_null" classname="com.example.craft.OrderProcessorTest" time="0.012"/>
  <testcase name="throws_exception_for_unknown_payment_type" classname="com.example.craft.OrderProcessorTest" time="0.003">
    <system-out><![CDATA[No discount applied
Standard delivery selected
]]></system-out>
  </testcase>
  <testcase name="collection_order_without_phone_number_has_zero_delivery" classname="com.example.craft.OrderProcessorTest" time="0.006">
    <system-out><![CDATA[No discount applied
Collection selected but no phone number was provided
Collection selected
Creating bank transfer request for £15.00
Saving order ORD-6
Saving order ORD-6 for customer Ada
Sending email to ada@example.com
Dear Ada, your order has been processed.
Order ORD-6 total was £15.00
Receipt
-------
Order: ORD-6
Customer: Ada
Subtotal: £15.00
Discount: £0.00
Delivery: £0.00
Total: £15.00

]]></system-out>
  </testcase>
  <testcase name="student_customer_gets_discount_and_receipt_contains_total" classname="com.example.craft.OrderProcessorTest" time="0.007">
    <system-out><![CDATA[Student discount applied
Standard delivery selected
Taking card payment for £12.49
Saving order ORD-1
Saving order ORD-1 for customer Ada
Sending email to ada@example.com
Dear Ada, your order has been processed.
Order ORD-1 total was £12.49
Sending SMS to 07123456789
Order ORD-1 confirmed by SMS
Receipt
-------
Order: ORD-1
Customer: Ada
Subtotal: £10.00
Discount: £1.50
Delivery: £3.99
Total: £12.49

]]></system-out>
  </testcase>
  <testcase name="throws_exception_for_invalid_customer_email" classname="com.example.craft.OrderProcessorTest" time="0.005"/>
  <testcase name="throws_exception_for_unknown_delivery_type" classname="com.example.craft.OrderProcessorTest" time="0.006">
    <system-out><![CDATA[No discount applied
]]></system-out>
  </testcase>
  <testcase name="bank_transfer_low_value_order_receipt_total" classname="com.example.craft.OrderProcessorTest" time="0.005">
    <system-out><![CDATA[No discount applied
Standard delivery selected
Creating bank transfer request for £6.99
Bank transfer for low value order may not be worth processing
Saving order ORD-7
Saving order ORD-7 for customer Ada
Sending email to ada@example.com
Dear Ada, your order has been processed.
Order ORD-7 total was £6.99
Sending SMS to 07123456789
Order ORD-7 confirmed by SMS
Receipt
-------
Order: ORD-7
Customer: Ada
Subtotal: £3.00
Discount: £0.00
Delivery: £3.99
Total: £6.99

]]></system-out>
  </testcase>
</testsuite>